# JRE version: Java(TM) SE Runtime Environment (8.0_181-b13) (build 1.8.0_181-b13)
# Java VM: Java HotSpot(TM) 64-Bit Server VM (25.181-b13 mixed mode linux-amd64 compressed oops)
Heap:
 garbage-first heap   total 122880K, used 51200K [0x00000000c0000000, 0x00000000c01003c0, 0x0000000100000000)
  region size 1024K, 10 young (10240K), 9 survivors (9216K)
 Metaspace       used 39885K, capacity 42144K, committed 42264K, reserved 1087488K
  class space    used 4376K, capacity 5112K, committed 5144K, reserved 1048576K
GC Heap History (10 events):
Event: 4,217 GC heap before
{Heap before GC invocations=3 (full 0):
 garbage-first heap   total 122880K, used 29633K [0x00000000c0000000, 0x00000000c01003c0, 0x0000000100000000)
  region size 1024K, 17 young (17408K), 9 survivors (9216K)
 Metaspace       used 20360K, capacity 21244K, committed 21296K, reserved 1069056K
  class space    used 2114K, capacity 2419K, committed 2432K, reserved 1048576K
Event: 4,225 GC heap after
Heap after GC invocations=4 (full 0):
 garbage-first heap   total 122880K, used 26111K [0x00000000c0000000, 0x00000000c01003c0, 0x0000000100000000)
  region size 1024K, 9 young (9216K), 9 survivors (9216K)
 Metaspace       used 20360K, capacity 21244K, committed 21296K, reserved 1069056K
  class space    used 2114K, capacity 2419K, committed 2432K, reserved 1048576K
}
Event: 5,647 GC heap before
{Heap before GC invocations=5 (full 0):
 garbage-first heap   total 122880K, used 81407K [0x00000000c0000000, 0x00000000c01003c0, 0x0000000100000000)
  region size 1024K, 72 young (73728K), 9 survivors (9216K)
 Metaspace       used 27006K, capacity 28538K, committed 28876K, reserved 1075200K
  class space    used 2927K, capacity 3432K, committed 3532K, reserved 1048576K
Event: 5,665 GC heap after
Heap after GC invocations=6 (full 0):
 garbage-first heap   total 122880K, used 27082K [0x00000000c0000000, 0x00000000c01003c0, 0x0000000100000000)
  region size 1024K, 9 young (9216K), 9 survivors (9216K)
 Metaspace       used 27006K, capacity 28538K, committed 28876K, reserved 1075200K
  class space    used 2927K, capacity 3432K, committed 3532K, reserved 1048576K
}
Event: 6,628 GC heap before
{Heap before GC invocations=6 (full 0):
 garbage-first heap   total 122880K, used 76234K [0x00000000c0000000, 0x00000000c01003c0, 0x0000000100000000)
  region size 1024K, 58 young (59392K), 9 survivors (9216K)
 Metaspace       used 33700K, capacity 35942K, committed 36048K, reserved 1081344K
  class space    used 3724K, capacity 4400K, committed 4428K, reserved 1048576K
Event: 6,653 GC heap after
Heap after GC invocations=7 (full 0):
 garbage-first heap   total 122880K, used 38400K [0x00000000c0000000, 0x00000000c01003c0, 0x0000000100000000)
  region size 1024K, 9 young (9216K), 9 survivors (9216K)
 Metaspace       used 33700K, capacity 35942K, committed 36048K, reserved 1081344K
  class space    used 3724K, capacity 4400K, committed 4428K, reserved 1048576K
}
Event: 8,525 GC heap before
{Heap before GC invocations=8 (full 0):
 garbage-first heap   total 122880K, used 93696K [0x00000000c0000000, 0x00000000c01003c0, 0x0000000100000000)
  region size 1024K, 70 young (71680K), 9 survivors (9216K)
 Metaspace       used 38616K, capacity 40902K, committed 41112K, reserved 1085440K
  class space    used 4262K, capacity 5003K, committed 5016K, reserved 1048576K
Event: 8,542 GC heap after
Heap after GC invocations=9 (full 0):
 garbage-first heap   total 122880K, used 39485K [0x00000000c0000000, 0x00000000c01003c0, 0x0000000100000000)
  region size 1024K, 9 young (9216K), 9 survivors (9216K)
 Metaspace       used 38616K, capacity 40902K, committed 41112K, reserved 1085440K
  class space    used 4262K, capacity 5003K, committed 5016K, reserved 1048576K
}
Event: 9,461 GC heap before
{Heap before GC invocations=10 (full 0):
 garbage-first heap   total 122880K, used 99901K [0x00000000c0000000, 0x00000000c01003c0, 0x0000000100000000)
  region size 1024K, 69 young (70656K), 9 survivors (9216K)
 Metaspace       used 39885K, capacity 42144K, committed 42264K, reserved 1087488K
  class space    used 4376K, capacity 5112K, committed 5144K, reserved 1048576K
Event: 9,480 GC heap after
Heap after GC invocations=11 (full 0):
 garbage-first heap   total 122880K, used 51200K [0x00000000c0000000, 0x00000000c01003c0, 0x0000000100000000)
  region size 1024K, 9 young (9216K), 9 survivors (9216K)
 Metaspace       used 39885K, capacity 42144K, committed 42264K, reserved 1087488K
  class space    used 4376K, capacity 5112K, committed 5144K, reserved 1048576K
}

