# JRE version: Java(TM) SE Runtime Environment (8.0_181-b13) (build 1.8.0_181-b13)
# Java VM: Java HotSpot(TM) 64-Bit Server VM (25.181-b13 mixed mode linux-amd64 compressed oops)
Heap:
 PSYoungGen      total 66560K, used 66528K [0x00000000d8100000, 0x00000000dc700000, 0x0000000100000000)
  eden space 61440K, 100% used [0x00000000d8100000,0x00000000dbd00000,0x00000000dbd00000)
  from space 5120K, 99% used [0x00000000dc200000,0x00000000dc6f8040,0x00000000dc700000)
  to   space 5120K, 99% used [0x00000000dbd00000,0x00000000dc1fc010,0x00000000dc200000)
 ParOldGen       total 81920K, used 14200K [0x0000000088200000, 0x000000008d200000, 0x00000000d8100000)
  object space 81920K, 17% used [0x0000000088200000,0x0000000088fde298,0x000000008d200000)
 Metaspace       used 15959K, capacity 16308K, committed 16384K, reserved 1062912K
  class space    used 1913K, capacity 2022K, committed 2048K, reserved 1048576K
GC Heap History (9 events):
Event: 0.556 GC heap before
{Heap before GC invocations=1 (full 0):
 PSYoungGen      total 35840K, used 30720K [0x00000000d8100000, 0x00000000da900000, 0x0000000100000000)
  eden space 30720K, 100% used [0x00000000d8100000,0x00000000d9f00000,0x00000000d9f00000)
  from space 5120K, 0% used [0x00000000da400000,0x00000000da400000,0x00000000da900000)
  to   space 5120K, 0% used [0x00000000d9f00000,0x00000000d9f00000,0x00000000da400000)
 ParOldGen       total 81920K, used 0K [0x0000000088200000, 0x000000008d200000, 0x00000000d8100000)
  object space 81920K, 0% used [0x0000000088200000,0x0000000088200000,0x000000008d200000)
 Metaspace       used 8795K, capacity 9004K, committed 9088K, reserved 1056768K
  class space    used 1062K, capacity 1152K, committed 1152K, reserved 1048576K
Event: 0.561 GC heap after
Heap after GC invocations=1 (full 0):
 PSYoungGen      total 35840K, used 5100K [0x00000000d8100000, 0x00000000da900000, 0x0000000100000000)
  eden space 30720K, 0% used [0x00000000d8100000,0x00000000d8100000,0x00000000d9f00000)
  from space 5120K, 99% used [0x00000000d9f00000,0x00000000da3fb2e8,0x00000000da400000)
  to   space 5120K, 0% used [0x00000000da400000,0x00000000da400000,0x00000000da900000)
 ParOldGen       total 81920K, used 253K [0x0000000088200000, 0x000000008d200000, 0x00000000d8100000)
  object space 81920K, 0% used [0x0000000088200000,0x000000008823f640,0x000000008d200000)
 Metaspace       used 8795K, capacity 9004K, committed 9088K, reserved 1056768K
  class space    used 1062K, capacity 1152K, committed 1152K, reserved 1048576K
}
Event: 0.774 GC heap before
{Heap before GC invocations=2 (full 0):
 PSYoungGen      total 35840K, used 35820K [0x00000000d8100000, 0x00000000da900000, 0x0000000100000000)
  eden space 30720K, 100% used [0x00000000d8100000,0x00000000d9f00000,0x00000000d9f00000)
  from space 5120K, 99% used [0x00000000d9f00000,0x00000000da3fb2e8,0x00000000da400000)
  to   space 5120K, 0% used [0x00000000da400000,0x00000000da400000,0x00000000da900000)
 ParOldGen       total 81920K, used 253K [0x0000000088200000, 0x000000008d200000, 0x00000000d8100000)
  object space 81920K, 0% used [0x0000000088200000,0x000000008823f640,0x000000008d200000)
 Metaspace       used 11574K, capacity 11854K, committed 12160K, reserved 1060864K
  class space    used 1427K, capacity 1547K, committed 1664K, reserved 1048576K
Event: 0.778 GC heap after
Heap after GC invocations=2 (full 0):
 PSYoungGen      total 35840K, used 5099K [0x00000000d8100000, 0x00000000dc700000, 0x0000000100000000)
  eden space 30720K, 0% used [0x00000000d8100000,0x00000000d8100000,0x00000000d9f00000)
  from space 5120K, 99% used [0x00000000da400000,0x00000000da8faef0,0x00000000da900000)
  to   space 5120K, 0% used [0x00000000d9f00000,0x00000000d9f00000,0x00000000da400000)
 ParOldGen       total 81920K, used 1081K [0x0000000088200000, 0x000000008d200000, 0x00000000d8100000)
  object space 81920K, 1% used [0x0000000088200000,0x000000008830e618,0x000000008d200000)
 Metaspace       used 11574K, capacity 11854K, committed 12160K, reserved 1060864K
  class space    used 1427K, capacity 1547K, committed 1664K, reserved 1048576K
}
Event: 1.162 GC heap before
{Heap before GC invocations=3 (full 0):
 PSYoungGen      total 35840K, used 35819K [0x00000000d8100000, 0x00000000dc700000, 0x0000000100000000)
  eden space 30720K, 100% used [0x00000000d8100000,0x00000000d9f00000,0x00000000d9f00000)
  from space 5120K, 99% used [0x00000000da400000,0x00000000da8faef0,0x00000000da900000)
  to   space 5120K, 0% used [0x00000000d9f00000,0x00000000d9f00000,0x00000000da400000)
 ParOldGen       total 81920K, used 1081K [0x0000000088200000, 0x000000008d200000, 0x00000000d8100000)
  object space 81920K, 1% used [0x0000000088200000,0x000000008830e618,0x000000008d200000)
 Metaspace       used 15040K, capacity 15354K, committed 15616K, reserved 1062912K
  class space    used 1853K, capacity 1975K, committed 2048K, reserved 1048576K
Event: 1.169 GC heap after
Heap after GC invocations=3 (full 0):
 PSYoungGen      total 35840K, used 5088K [0x00000000d8100000, 0x00000000dc700000, 0x0000000100000000)
  eden space 30720K, 0% used [0x00000000d8100000,0x00000000d8100000,0x00000000d9f00000)
  from space 5120K, 99% used [0x00000000d9f00000,0x00000000da3f8020,0x00000000da400000)
  to   space 5120K, 0% used [0x00000000dc200000,0x00000000dc200000,0x00000000dc700000)
 ParOldGen       total 81920K, used 3810K [0x0000000088200000, 0x000000008d200000, 0x00000000d8100000)
  object space 81920K, 4% used [0x0000000088200000,0x00000000885b8a98,0x000000008d200000)
 Metaspace       used 15040K, capacity 15354K, committed 15616K, reserved 1062912K
  class space    used 1853K, capacity 1975K, committed 2048K, reserved 1048576K
}
Event: 1.689 GC heap before
{Heap before GC invocations=4 (full 0):
 PSYoungGen      total 35840K, used 35808K [0x00000000d8100000, 0x00000000dc700000, 0x0000000100000000)
  eden space 30720K, 100% used [0x00000000d8100000,0x00000000d9f00000,0x00000000d9f00000)
  from space 5120K, 99% used [0x00000000d9f00000,0x00000000da3f8020,0x00000000da400000)
  to   space 5120K, 0% used [0x00000000dc200000,0x00000000dc200000,0x00000000dc700000)
 ParOldGen       total 81920K, used 3810K [0x0000000088200000, 0x000000008d200000, 0x00000000d8100000)
  object space 81920K, 4% used [0x0000000088200000,0x00000000885b8a98,0x000000008d200000)
 Metaspace       used 15526K, capacity 15838K, committed 16128K, reserved 1062912K
  class space    used 1882K, capacity 1981K, committed 2048K, reserved 1048576K
Event: 1.705 GC heap after
Heap after GC invocations=4 (full 0):
 PSYoungGen      total 66560K, used 5088K [0x00000000d8100000, 0x00000000dc700000, 0x0000000100000000)
  eden space 61440K, 0% used [0x00000000d8100000,0x00000000d8100000,0x00000000dbd00000)
  from space 5120K, 99% used [0x00000000dc200000,0x00000000dc6f8040,0x00000000dc700000)
  to   space 5120K, 0% used [0x00000000dbd00000,0x00000000dbd00000,0x00000000dc200000)
 ParOldGen       total 81920K, used 8374K [0x0000000088200000, 0x000000008d200000, 0x00000000d8100000)
  object space 81920K, 10% used [0x0000000088200000,0x0000000088a2dac0,0x000000008d200000)
 Metaspace       used 15526K, capacity 15838K, committed 16128K, reserved 1062912K
  class space    used 1882K, capacity 1981K, committed 2048K, reserved 1048576K
}
Event: 2.832 GC heap before
{Heap before GC invocations=5 (full 0):
 PSYoungGen      total 66560K, used 66528K [0x00000000d8100000, 0x00000000dc700000, 0x0000000100000000)
  eden space 61440K, 100% used [0x00000000d8100000,0x00000000dbd00000,0x00000000dbd00000)
  from space 5120K, 99% used [0x00000000dc200000,0x00000000dc6f8040,0x00000000dc700000)
  to   space 5120K, 0% used [0x00000000dbd00000,0x00000000dbd00000,0x00000000dc200000)
 ParOldGen       total 81920K, used 8374K [0x0000000088200000, 0x000000008d200000, 0x00000000d8100000)
  object space 81920K, 10% used [0x0000000088200000,0x0000000088a2dac0,0x000000008d200000)
 Metaspace       used 15959K, capacity 16308K, committed 16384K, reserved 1062912K
  class space    used 1913K, capacity 2022K, committed 2048K, reserved 1048576K

